<?xml version="1.0" encoding="UTF-8"?>
<testng-results skipped="0" failed="0" ignored="0" total="1" passed="1">
  <reporter-output>
  </reporter-output>
  <suite name="Default suite" duration-ms="9800" started-at="2017-07-17T01:35:04Z" finished-at="2017-07-17T01:35:14Z">
    <groups>
    </groups>
    <test name="Default test" duration-ms="9800" started-at="2017-07-17T01:35:04Z" finished-at="2017-07-17T01:35:14Z">
      <class name="Test.JcrewSignInTest">
        <test-method status="PASS" signature="SignInTest()[pri:0, instance:Test.JcrewSignInTest@4c5ae43b]" name="SignInTest" duration-ms="9763" started-at="2017-07-16T21:35:04Z" finished-at="2017-07-16T21:35:14Z">
          <reporter-output>
          </reporter-output>
        </test-method> <!-- SignInTest -->
      </class> <!-- Test.JcrewSignInTest -->
    </test> <!-- Default test -->
  </suite> <!-- Default suite -->
</testng-results>
